# JRE version: Java(TM) SE Runtime Environment (8.0_221-b11) (build 1.8.0_221-b11)
# Java VM: Java HotSpot(TM) 64-Bit Server VM (25.221-b11 mixed mode windows-amd64 compressed oops)
Heap:
 PSYoungGen      total 559104K, used 332338K [0x00000000d5580000, 0x00000000fec00000, 0x0000000100000000)
  eden space 507392K, 55% used [0x00000000d5580000,0x00000000e6913d38,0x00000000f4500000)
  from space 51712K, 96% used [0x00000000f4500000,0x00000000f75f8e80,0x00000000f7780000)
  to   space 59392K, 0% used [0x00000000fb200000,0x00000000fb200000,0x00000000fec00000)
 ParOldGen       total 288256K, used 119577K [0x0000000080000000, 0x0000000091980000, 0x00000000d5580000)
  object space 288256K, 41% used [0x0000000080000000,0x00000000874c6710,0x0000000091980000)
 Metaspace       used 81708K, capacity 85684K, committed 86144K, reserved 1124352K
  class space    used 11251K, capacity 12009K, committed 12160K, reserved 1048576K
GC Heap History (10 events):
Event: 33.870 GC heap before
{Heap before GC invocations=29 (full 4):
 PSYoungGen      total 456704K, used 441784K [0x00000000d5580000, 0x00000000f3b00000, 0x0000000100000000)
  eden space 419840K, 100% used [0x00000000d5580000,0x00000000eef80000,0x00000000eef80000)
  from space 36864K, 59% used [0x00000000f1400000,0x00000000f296e010,0x00000000f3800000)
  to   space 37376K, 0% used [0x00000000eef80000,0x00000000eef80000,0x00000000f1400000)
 ParOldGen       total 288256K, used 119537K [0x0000000080000000, 0x0000000091980000, 0x00000000d5580000)
  object space 288256K, 41% used [0x0000000080000000,0x00000000874bc710,0x0000000091980000)
 Metaspace       used 79316K, capacity 83046K, committed 83840K, reserved 1122304K
  class space    used 10970K, capacity 11672K, committed 11904K, reserved 1048576K
Event: 33.895 GC heap after
Heap after GC invocations=29 (full 4):
 PSYoungGen      total 457216K, used 25088K [0x00000000d5580000, 0x00000000f6680000, 0x0000000100000000)
  eden space 419840K, 0% used [0x00000000d5580000,0x00000000d5580000,0x00000000eef80000)
  from space 37376K, 67% used [0x00000000eef80000,0x00000000f08000a0,0x00000000f1400000)
  to   space 38912K, 0% used [0x00000000f4080000,0x00000000f4080000,0x00000000f6680000)
 ParOldGen       total 288256K, used 119545K [0x0000000080000000, 0x0000000091980000, 0x00000000d5580000)
  object space 288256K, 41% used [0x0000000080000000,0x00000000874be710,0x0000000091980000)
 Metaspace       used 79316K, capacity 83046K, committed 83840K, reserved 1122304K
  class space    used 10970K, capacity 11672K, committed 11904K, reserved 1048576K
}
Event: 34.938 GC heap before
{Heap before GC invocations=30 (full 4):
 PSYoungGen      total 457216K, used 444928K [0x00000000d5580000, 0x00000000f6680000, 0x0000000100000000)
  eden space 419840K, 100% used [0x00000000d5580000,0x00000000eef80000,0x00000000eef80000)
  from space 37376K, 67% used [0x00000000eef80000,0x00000000f08000a0,0x00000000f1400000)
  to   space 38912K, 0% used [0x00000000f4080000,0x00000000f4080000,0x00000000f6680000)
 ParOldGen       total 288256K, used 119545K [0x0000000080000000, 0x0000000091980000, 0x00000000d5580000)
  object space 288256K, 41% used [0x0000000080000000,0x00000000874be710,0x0000000091980000)
 Metaspace       used 80380K, capacity 84100K, committed 84736K, reserved 1122304K
  class space    used 11106K, capacity 11819K, committed 12032K, reserved 1048576K
Event: 34.984 GC heap after
Heap after GC invocations=30 (full 4):
 PSYoungGen      total 499200K, used 31598K [0x00000000d5580000, 0x00000000f6e00000, 0x0000000100000000)
  eden space 460288K, 0% used [0x00000000d5580000,0x00000000d5580000,0x00000000f1700000)
  from space 38912K, 81% used [0x00000000f4080000,0x00000000f5f5bb98,0x00000000f6680000)
  to   space 42496K, 0% used [0x00000000f1700000,0x00000000f1700000,0x00000000f4080000)
 ParOldGen       total 288256K, used 119553K [0x0000000080000000, 0x0000000091980000, 0x00000000d5580000)
  object space 288256K, 41% used [0x0000000080000000,0x00000000874c0710,0x0000000091980000)
 Metaspace       used 80380K, capacity 84100K, committed 84736K, reserved 1122304K
  class space    used 11106K, capacity 11819K, committed 12032K, reserved 1048576K
}
Event: 36.197 GC heap before
{Heap before GC invocations=31 (full 4):
 PSYoungGen      total 499200K, used 491886K [0x00000000d5580000, 0x00000000f6e00000, 0x0000000100000000)
  eden space 460288K, 100% used [0x00000000d5580000,0x00000000f1700000,0x00000000f1700000)
  from space 38912K, 81% used [0x00000000f4080000,0x00000000f5f5bb98,0x00000000f6680000)
  to   space 42496K, 0% used [0x00000000f1700000,0x00000000f1700000,0x00000000f4080000)
 ParOldGen       total 288256K, used 119553K [0x0000000080000000, 0x0000000091980000, 0x00000000d5580000)
  object space 288256K, 41% used [0x0000000080000000,0x00000000874c0710,0x0000000091980000)
 Metaspace       used 80822K, capacity 84618K, committed 84992K, reserved 1122304K
  class space    used 11165K, capacity 11876K, committed 12032K, reserved 1048576K
Event: 36.262 GC heap after
Heap after GC invocations=31 (full 4):
 PSYoungGen      total 502784K, used 38604K [0x00000000d5580000, 0x00000000fa680000, 0x0000000100000000)
  eden space 460288K, 0% used [0x00000000d5580000,0x00000000d5580000,0x00000000f1700000)
  from space 42496K, 90% used [0x00000000f1700000,0x00000000f3cb32e8,0x00000000f4080000)
  to   space 48128K, 0% used [0x00000000f7780000,0x00000000f7780000,0x00000000fa680000)
 ParOldGen       total 288256K, used 119561K [0x0000000080000000, 0x0000000091980000, 0x00000000d5580000)
  object space 288256K, 41% used [0x0000000080000000,0x00000000874c2710,0x0000000091980000)
 Metaspace       used 80822K, capacity 84618K, committed 84992K, reserved 1122304K
  class space    used 11165K, capacity 11876K, committed 12032K, reserved 1048576K
}
Event: 37.859 GC heap before
{Heap before GC invocations=32 (full 4):
 PSYoungGen      total 502784K, used 498892K [0x00000000d5580000, 0x00000000fa680000, 0x0000000100000000)
  eden space 460288K, 100% used [0x00000000d5580000,0x00000000f1700000,0x00000000f1700000)
  from space 42496K, 90% used [0x00000000f1700000,0x00000000f3cb32e8,0x00000000f4080000)
  to   space 48128K, 0% used [0x00000000f7780000,0x00000000f7780000,0x00000000fa680000)
 ParOldGen       total 288256K, used 119561K [0x0000000080000000, 0x0000000091980000, 0x00000000d5580000)
  object space 288256K, 41% used [0x0000000080000000,0x00000000874c2710,0x0000000091980000)
 Metaspace       used 80978K, capacity 84818K, committed 85248K, reserved 1122304K
  class space    used 11188K, capacity 11916K, committed 12032K, reserved 1048576K
Event: 37.947 GC heap after
Heap after GC invocations=32 (full 4):
 PSYoungGen      total 555520K, used 37706K [0x00000000d5580000, 0x00000000faf00000, 0x0000000100000000)
  eden space 507392K, 0% used [0x00000000d5580000,0x00000000d5580000,0x00000000f4500000)
  from space 48128K, 78% used [0x00000000f7780000,0x00000000f9c52aa0,0x00000000fa680000)
  to   space 51712K, 0% used [0x00000000f4500000,0x00000000f4500000,0x00000000f7780000)
 ParOldGen       total 288256K, used 119569K [0x0000000080000000, 0x0000000091980000, 0x00000000d5580000)
  object space 288256K, 41% used [0x0000000080000000,0x00000000874c4710,0x0000000091980000)
 Metaspace       used 80978K, capacity 84818K, committed 85248K, reserved 1122304K
  class space    used 11188K, capacity 11916K, committed 12032K, reserved 1048576K
}
Event: 40.701 GC heap before
{Heap before GC invocations=33 (full 4):
 PSYoungGen      total 555520K, used 545098K [0x00000000d5580000, 0x00000000faf00000, 0x0000000100000000)
  eden space 507392K, 100% used [0x00000000d5580000,0x00000000f4500000,0x00000000f4500000)
  from space 48128K, 78% used [0x00000000f7780000,0x00000000f9c52aa0,0x00000000fa680000)
  to   space 51712K, 0% used [0x00000000f4500000,0x00000000f4500000,0x00000000f7780000)
 ParOldGen       total 288256K, used 119569K [0x0000000080000000, 0x0000000091980000, 0x00000000d5580000)
  object space 288256K, 41% used [0x0000000080000000,0x00000000874c4710,0x0000000091980000)
 Metaspace       used 81030K, capacity 84888K, committed 85248K, reserved 1122304K
  class space    used 11188K, capacity 11917K, committed 12032K, reserved 1048576K
Event: 40.756 GC heap after
Heap after GC invocations=33 (full 4):
 PSYoungGen      total 559104K, used 50147K [0x00000000d5580000, 0x00000000fec00000, 0x0000000100000000)
  eden space 507392K, 0% used [0x00000000d5580000,0x00000000d5580000,0x00000000f4500000)
  from space 51712K, 96% used [0x00000000f4500000,0x00000000f75f8e80,0x00000000f7780000)
  to   space 59392K, 0% used [0x00000000fb200000,0x00000000fb200000,0x00000000fec00000)
 ParOldGen       total 288256K, used 119577K [0x0000000080000000, 0x0000000091980000, 0x00000000d5580000)
  object space 288256K, 41% used [0x0000000080000000,0x00000000874c6710,0x0000000091980000)
 Metaspace       used 81030K, capacity 84888K, committed 85248K, reserved 1122304K
  class space    used 11188K, capacity 11917K, committed 12032K, reserved 1048576K
}

