# JRE version: Java(TM) SE Runtime Environment (8.0_221-b11) (build 1.8.0_221-b11)
# Java VM: Java HotSpot(TM) 64-Bit Server VM (25.221-b11 mixed mode windows-amd64 compressed oops)
Heap:
 PSYoungGen      total 435712K, used 435705K [0x00000000d5580000, 0x00000000f3500000, 0x0000000100000000)
  eden space 391680K, 100% used [0x00000000d5580000,0x00000000ed400000,0x00000000ed400000)
  from space 44032K, 99% used [0x00000000f0280000,0x00000000f2d7e6f8,0x00000000f2d80000)
  to   space 47616K, 5% used [0x00000000ed400000,0x00000000ed6908d8,0x00000000f0280000)
 ParOldGen       total 196608K, used 82937K [0x0000000080000000, 0x000000008c000000, 0x00000000d5580000)
  object space 196608K, 42% used [0x0000000080000000,0x0000000085102778,0x000000008c000000)
 Metaspace       used 115390K, capacity 121652K, committed 121816K, reserved 1155072K
  class space    used 15126K, capacity 16182K, committed 16344K, reserved 1048576K
GC Heap History (10 events):
Event: 9719.948 GC heap before
{Heap before GC invocations=41 (full 5):
 PSYoungGen      total 375808K, used 375801K [0x00000000d5580000, 0x00000000f2d80000, 0x0000000100000000)
  eden space 342528K, 100% used [0x00000000d5580000,0x00000000ea400000,0x00000000ea400000)
  from space 33280K, 99% used [0x00000000ea400000,0x00000000ec47e438,0x00000000ec480000)
  to   space 44032K, 0% used [0x00000000f0280000,0x00000000f0280000,0x00000000f2d80000)
 ParOldGen       total 196608K, used 70602K [0x0000000080000000, 0x000000008c000000, 0x00000000d5580000)
  object space 196608K, 35% used [0x0000000080000000,0x00000000844f2860,0x000000008c000000)
 Metaspace       used 114221K, capacity 120370K, committed 120792K, reserved 1153024K
  class space    used 15055K, capacity 16105K, committed 16344K, reserved 1048576K
Event: 9719.993 GC heap after
Heap after GC invocations=41 (full 5):
 PSYoungGen      total 435712K, used 36483K [0x00000000d5580000, 0x00000000f3500000, 0x0000000100000000)
  eden space 391680K, 0% used [0x00000000d5580000,0x00000000d5580000,0x00000000ed400000)
  from space 44032K, 82% used [0x00000000f0280000,0x00000000f2620e80,0x00000000f2d80000)
  to   space 47616K, 0% used [0x00000000ed400000,0x00000000ed400000,0x00000000f0280000)
 ParOldGen       total 196608K, used 70610K [0x0000000080000000, 0x000000008c000000, 0x00000000d5580000)
  object space 196608K, 35% used [0x0000000080000000,0x00000000844f4860,0x000000008c000000)
 Metaspace       used 114221K, capacity 120370K, committed 120792K, reserved 1153024K
  class space    used 15055K, capacity 16105K, committed 16344K, reserved 1048576K
}
Event: 9721.252 GC heap before
{Heap before GC invocations=42 (full 5):
 PSYoungGen      total 435712K, used 428163K [0x00000000d5580000, 0x00000000f3500000, 0x0000000100000000)
  eden space 391680K, 100% used [0x00000000d5580000,0x00000000ed400000,0x00000000ed400000)
  from space 44032K, 82% used [0x00000000f0280000,0x00000000f2620e80,0x00000000f2d80000)
  to   space 47616K, 0% used [0x00000000ed400000,0x00000000ed400000,0x00000000f0280000)
 ParOldGen       total 196608K, used 70610K [0x0000000080000000, 0x000000008c000000, 0x00000000d5580000)
  object space 196608K, 35% used [0x0000000080000000,0x00000000844f4860,0x000000008c000000)
 Metaspace       used 114910K, capacity 121234K, committed 121560K, reserved 1155072K
  class space    used 15109K, capacity 16171K, committed 16344K, reserved 1048576K
Event: 9721.473 GC heap after
Heap after GC invocations=42 (full 5):
 PSYoungGen      total 439296K, used 40308K [0x00000000d5580000, 0x00000000f3500000, 0x0000000100000000)
  eden space 391680K, 0% used [0x00000000d5580000,0x00000000d5580000,0x00000000ed400000)
  from space 47616K, 84% used [0x00000000ed400000,0x00000000efb5d160,0x00000000f0280000)
  to   space 44032K, 0% used [0x00000000f0280000,0x00000000f0280000,0x00000000f2d80000)
 ParOldGen       total 196608K, used 70618K [0x0000000080000000, 0x000000008c000000, 0x00000000d5580000)
  object space 196608K, 35% used [0x0000000080000000,0x00000000844f6860,0x000000008c000000)
 Metaspace       used 114910K, capacity 121234K, committed 121560K, reserved 1155072K
  class space    used 15109K, capacity 16171K, committed 16344K, reserved 1048576K
}
Event: 9722.388 GC heap before
{Heap before GC invocations=43 (full 5):
 PSYoungGen      total 439296K, used 431988K [0x00000000d5580000, 0x00000000f3500000, 0x0000000100000000)
  eden space 391680K, 100% used [0x00000000d5580000,0x00000000ed400000,0x00000000ed400000)
  from space 47616K, 84% used [0x00000000ed400000,0x00000000efb5d160,0x00000000f0280000)
  to   space 44032K, 0% used [0x00000000f0280000,0x00000000f0280000,0x00000000f2d80000)
 ParOldGen       total 196608K, used 72045K [0x0000000080000000, 0x000000008c000000, 0x00000000d5580000)
  object space 196608K, 36% used [0x0000000080000000,0x000000008465b518,0x000000008c000000)
 Metaspace       used 115164K, capacity 121500K, committed 121816K, reserved 1155072K
  class space    used 15123K, capacity 16180K, committed 16344K, reserved 1048576K
Event: 9722.438 GC heap after
Heap after GC invocations=43 (full 5):
 PSYoungGen      total 435712K, used 35684K [0x00000000d5580000, 0x00000000f3500000, 0x0000000100000000)
  eden space 391680K, 0% used [0x00000000d5580000,0x00000000d5580000,0x00000000ed400000)
  from space 44032K, 81% used [0x00000000f0280000,0x00000000f25592b0,0x00000000f2d80000)
  to   space 47616K, 0% used [0x00000000ed400000,0x00000000ed400000,0x00000000f0280000)
 ParOldGen       total 196608K, used 72053K [0x0000000080000000, 0x000000008c000000, 0x00000000d5580000)
  object space 196608K, 36% used [0x0000000080000000,0x000000008465d518,0x000000008c000000)
 Metaspace       used 115164K, capacity 121500K, committed 121816K, reserved 1155072K
  class space    used 15123K, capacity 16180K, committed 16344K, reserved 1048576K
}
Event: 9723.220 GC heap before
{Heap before GC invocations=44 (full 5):
 PSYoungGen      total 435712K, used 427364K [0x00000000d5580000, 0x00000000f3500000, 0x0000000100000000)
  eden space 391680K, 100% used [0x00000000d5580000,0x00000000ed400000,0x00000000ed400000)
  from space 44032K, 81% used [0x00000000f0280000,0x00000000f25592b0,0x00000000f2d80000)
  to   space 47616K, 0% used [0x00000000ed400000,0x00000000ed400000,0x00000000f0280000)
 ParOldGen       total 196608K, used 72055K [0x0000000080000000, 0x000000008c000000, 0x00000000d5580000)
  object space 196608K, 36% used [0x0000000080000000,0x000000008465dde8,0x000000008c000000)
 Metaspace       used 115239K, capacity 121570K, committed 121816K, reserved 1155072K
  class space    used 15123K, capacity 16181K, committed 16344K, reserved 1048576K
Event: 9723.272 GC heap after
Heap after GC invocations=44 (full 5):
 PSYoungGen      total 439296K, used 47529K [0x00000000d5580000, 0x00000000f3500000, 0x0000000100000000)
  eden space 391680K, 0% used [0x00000000d5580000,0x00000000d5580000,0x00000000ed400000)
  from space 47616K, 99% used [0x00000000ed400000,0x00000000f026a640,0x00000000f0280000)
  to   space 44032K, 0% used [0x00000000f0280000,0x00000000f0280000,0x00000000f2d80000)
 ParOldGen       total 196608K, used 72063K [0x0000000080000000, 0x000000008c000000, 0x00000000d5580000)
  object space 196608K, 36% used [0x0000000080000000,0x000000008465fde8,0x000000008c000000)
 Metaspace       used 115239K, capacity 121570K, committed 121816K, reserved 1155072K
  class space    used 15123K, capacity 16181K, committed 16344K, reserved 1048576K
}
Event: 9724.424 GC heap before
{Heap before GC invocations=45 (full 5):
 PSYoungGen      total 439296K, used 439209K [0x00000000d5580000, 0x00000000f3500000, 0x0000000100000000)
  eden space 391680K, 100% used [0x00000000d5580000,0x00000000ed400000,0x00000000ed400000)
  from space 47616K, 99% used [0x00000000ed400000,0x00000000f026a640,0x00000000f0280000)
  to   space 44032K, 0% used [0x00000000f0280000,0x00000000f0280000,0x00000000f2d80000)
 ParOldGen       total 196608K, used 72063K [0x0000000080000000, 0x000000008c000000, 0x00000000d5580000)
  object space 196608K, 36% used [0x0000000080000000,0x000000008465fde8,0x000000008c000000)
 Metaspace       used 115361K, capacity 121646K, committed 121816K, reserved 1155072K
  class space    used 15125K, capacity 16181K, committed 16344K, reserved 1048576K
Event: 9724.484 GC heap after
Heap after GC invocations=45 (full 5):
 PSYoungGen      total 435712K, used 44025K [0x00000000d5580000, 0x00000000f3500000, 0x0000000100000000)
  eden space 391680K, 0% used [0x00000000d5580000,0x00000000d5580000,0x00000000ed400000)
  from space 44032K, 99% used [0x00000000f0280000,0x00000000f2d7e6f8,0x00000000f2d80000)
  to   space 47616K, 0% used [0x00000000ed400000,0x00000000ed400000,0x00000000f0280000)
 ParOldGen       total 196608K, used 77363K [0x0000000080000000, 0x000000008c000000, 0x00000000d5580000)
  object space 196608K, 39% used [0x0000000080000000,0x0000000084b8ceb0,0x000000008c000000)
 Metaspace       used 115361K, capacity 121646K, committed 121816K, reserved 1155072K
  class space    used 15125K, capacity 16181K, committed 16344K, reserved 1048576K
}

